<?xml version="1.0" encoding="UTF-8"?>
<!-- Generated by org.testng.reporters.JUnitReportReporter -->
<testsuite skipped="0" hostname="JHANSI-PC" name="cucumberProject.CucumberTest" tests="1" failures="0" timestamp="27 Dec 2018 13:54:53 GMT" time="0.009" errors="0">
  <testcase name="TestRunner" time="0.009" classname="cucumberProject.CucumberTest"/>
</testsuite> <!-- cucumberProject.CucumberTest -->
